-------------------------------------------------------------------------------
Test set: TestRunner.RunTest
-------------------------------------------------------------------------------
Tests run: 34, Failures: 1, Errors: 0, Skipped: 0, Time elapsed: 14.561 sec <<< FAILURE!
Cancel already cancelled order(API Testing)  Time elapsed: 0.343 sec  <<< FAILURE!
java.lang.AssertionError: Expected Result: Status 422  Actual Result : 200
	at org.junit.Assert.fail(Assert.java:88)
	at StepDefinition.Steps.cancellation_should_not_be_successful_for_already_cancelled_order(Steps.java:1154)
	at ?.cancellation should not be successful for already cancelled order(Features/test.feature:268)

