<?xml version="1.0" encoding="UTF-8" ?>
<testsuite tests="34" failures="1" name="TestRunner.RunTest" time="13.873" errors="0" skipped="0">
  <properties>
    <property name="java.runtime.name" value="Java(TM) SE Runtime Environment"/>
    <property name="sun.boot.library.path" value="C:\Program Files\Java\jdk1.8.0_161\jre\bin"/>
    <property name="java.vm.version" value="25.161-b12"/>
    <property name="java.vm.vendor" value="Oracle Corporation"/>
    <property name="maven.multiModuleProjectDirectory" value="C:\Users\atanupal\Workspace\API"/>
    <property name="java.vendor.url" value="http://java.oracle.com/"/>
    <property name="path.separator" value=";"/>
    <property name="guice.disable.misplaced.annotation.check" value="true"/>
    <property name="java.vm.name" value="Java HotSpot(TM) 64-Bit Server VM"/>
    <property name="file.encoding.pkg" value="sun.io"/>
    <property name="user.script" value=""/>
    <property name="user.country" value="US"/>
    <property name="sun.java.launcher" value="SUN_STANDARD"/>
    <property name="sun.os.patch.level" value=""/>
    <property name="java.vm.specification.name" value="Java Virtual Machine Specification"/>
    <property name="user.dir" value="C:\Users\atanupal\Workspace\API"/>
    <property name="java.runtime.version" value="1.8.0_161-b12"/>
    <property name="java.awt.graphicsenv" value="sun.awt.Win32GraphicsEnvironment"/>
    <property name="java.endorsed.dirs" value="C:\Program Files\Java\jdk1.8.0_161\jre\lib\endorsed"/>
    <property name="os.arch" value="amd64"/>
    <property name="java.io.tmpdir" value="C:\Users\atanupal\AppData\Local\Temp\"/>
    <property name="line.separator" value="
"/>
    <property name="java.vm.specification.vendor" value="Oracle Corporation"/>
    <property name="user.variant" value=""/>
    <property name="os.name" value="Windows 10"/>
    <property name="classworlds.conf" value="C:\apache-maven-3.6.0\bin\..\bin\m2.conf"/>
    <property name="sun.jnu.encoding" value="Cp1252"/>
    <property name="java.library.path" value="C:\Program Files\Java\jdk1.8.0_161\bin;C:\WINDOWS\Sun\Java\bin;C:\WINDOWS\system32;C:\WINDOWS;C:\ProgramData\Oracle\Java\javapath;C:\Program Files (x86)\Intel\iCLS Client\;C:\Program Files\Intel\iCLS Client\;C:\WINDOWS\system32;C:\WINDOWS;C:\WINDOWS\System32\Wbem;C:\WINDOWS\System32\WindowsPowerShell\v1.0\;C:\Program Files\TortoiseSVN\bin;C:\Program Files\Microsoft SQL Server\110\DTS\Binn\;C:\Program Files (x86)\Microsoft SQL Server\110\Tools\Binn\;C:\Program Files\Microsoft SQL Server\110\Tools\Binn\;C:\Program Files (x86)\Microsoft SQL Server\110\Tools\Binn\ManagementStudio\;C:\Program Files (x86)\Microsoft Visual Studio 10.0\Common7\IDE\PrivateAssemblies\;C:\Program Files (x86)\Microsoft SQL Server\110\DTS\Binn\;C:\Program Files\Microsoft SQL Server\130\Tools\Binn\;C:\Program Files\MySQL\MySQL Utilities 1.6\;C:\Program Files\Microsoft\Web Platform Installer\;C:\ProgramData\chocolatey\bin;C:\Program Files\dotnet\;C:\Program Files\Java\jdk1.8.0_161\bin;C:\Program Files\groovy-2.4.15\bin;C:\WINDOWS\System32\OpenSSH\;C:\Program Files (x86)\Microsoft SQL Server\Client SDK\ODBC\130\Tools\Binn\;C:\Program Files (x86)\Microsoft SQL Server\140\Tools\Binn\;C:\Program Files (x86)\Microsoft SQL Server\140\DTS\Binn\;C:\Program Files (x86)\Microsoft SQL Server\140\Tools\Binn\ManagementStudio\;C:\Program Files (x86)\Intel\Intel(R) Management Engine Components\DAL;C:\Program Files\Intel\Intel(R) Management Engine Components\DAL;C:\Program Files (x86)\Intel\Intel(R) Management Engine Components\IPT;C:\Program Files\Intel\Intel(R) Management Engine Components\IPT;C:\Users\atanupal\AppData\Local\Microsoft\WindowsApps;C:\Users\atanupal\AppData\Roaming\npm;C:\Program Files\Microsoft VS Code\bin;C:\Program Files\Java\jdk1.8.0_161\bin;C:\apache-maven-3.6.0\bin;;."/>
    <property name="maven.conf" value="C:\apache-maven-3.6.0\bin\../conf"/>
    <property name="java.specification.name" value="Java Platform API Specification"/>
    <property name="java.class.version" value="52.0"/>
    <property name="sun.management.compiler" value="HotSpot 64-Bit Tiered Compilers"/>
    <property name="os.version" value="10.0"/>
    <property name="library.jansi.path" value="C:\apache-maven-3.6.0\bin\..\lib\jansi-native"/>
    <property name="user.home" value="C:\Users\atanupal"/>
    <property name="user.timezone" value="Asia/Calcutta"/>
    <property name="java.awt.printerjob" value="sun.awt.windows.WPrinterJob"/>
    <property name="java.specification.version" value="1.8"/>
    <property name="file.encoding" value="Cp1252"/>
    <property name="user.name" value="atanupal"/>
    <property name="java.class.path" value="C:\apache-maven-3.6.0\bin\..\boot\plexus-classworlds-2.5.2.jar"/>
    <property name="java.vm.specification.version" value="1.8"/>
    <property name="sun.arch.data.model" value="64"/>
    <property name="java.home" value="C:\Program Files\Java\jdk1.8.0_161\jre"/>
    <property name="sun.java.command" value="org.codehaus.plexus.classworlds.launcher.Launcher test"/>
    <property name="java.specification.vendor" value="Oracle Corporation"/>
    <property name="user.language" value="en"/>
    <property name="awt.toolkit" value="sun.awt.windows.WToolkit"/>
    <property name="java.vm.info" value="mixed mode"/>
    <property name="java.version" value="1.8.0_161"/>
    <property name="java.ext.dirs" value="C:\Program Files\Java\jdk1.8.0_161\jre\lib\ext;C:\WINDOWS\Sun\Java\lib\ext"/>
    <property name="sun.boot.class.path" value="C:\Program Files\Java\jdk1.8.0_161\jre\lib\resources.jar;C:\Program Files\Java\jdk1.8.0_161\jre\lib\rt.jar;C:\Program Files\Java\jdk1.8.0_161\jre\lib\sunrsasign.jar;C:\Program Files\Java\jdk1.8.0_161\jre\lib\jsse.jar;C:\Program Files\Java\jdk1.8.0_161\jre\lib\jce.jar;C:\Program Files\Java\jdk1.8.0_161\jre\lib\charsets.jar;C:\Program Files\Java\jdk1.8.0_161\jre\lib\jfr.jar;C:\Program Files\Java\jdk1.8.0_161\jre\classes"/>
    <property name="sun.stderr.encoding" value="cp437"/>
    <property name="java.vendor" value="Oracle Corporation"/>
    <property name="maven.home" value="C:\apache-maven-3.6.0\bin\.."/>
    <property name="file.separator" value="\"/>
    <property name="java.vendor.url.bug" value="http://bugreport.sun.com/bugreport/"/>
    <property name="sun.cpu.endian" value="little"/>
    <property name="sun.io.unicode.encoding" value="UnicodeLittle"/>
    <property name="sun.stdout.encoding" value="cp437"/>
    <property name="sun.desktop" value="windows"/>
    <property name="sun.cpu.isalist" value="amd64"/>
  </properties>
  <testcase classname="API Testing" name="Create Order -&gt; Fetch Order -&gt; ASSIGNING" time="2.043"/>
  <testcase classname="API Testing" name="Create Order -&gt;Take Order -&gt;  Fetch Order -&gt; ONGOING" time="0.448"/>
  <testcase classname="API Testing" name="Create Order -&gt;Take Order -&gt;  Complete Order -&gt; Fetch Order -&gt; COMPLETED" time="0.563"/>
  <testcase classname="API Testing" name="Create Order -&gt;Cancel Order -&gt;  Fetch Order -&gt; CANCELLED" time="0.384"/>
  <testcase classname="API Testing" name="Create Order -&gt;Take order -&gt;Cancel Order -&gt;  Fetch Order -&gt; CANCELLED" time="0.593"/>
  <testcase classname="API Testing" name="Create Order -&gt; Fetch Order -&gt; Fetch Order again" time="0.379"/>
  <testcase classname="API Testing" name="Test cases for Fetch Order - Incorrect values" time="0.032"/>
  <testcase classname="API Testing" name="Test cases for Fetch Order - Incorrect values" time="0.015"/>
  <testcase classname="API Testing" name="Placing order - one stop - Invalid" time="0.031"/>
  <testcase classname="API Testing" name="Placing order - two valid stops" time="0.313"/>
  <testcase classname="API Testing" name="Placing order - three valid stops" time="0.325"/>
  <testcase classname="API Testing" name="Placing order - four valid stops" time="0.281"/>
  <testcase classname="API Testing" name="Placing order - five valid stops" time="0.344"/>
  <testcase classname="API Testing" name="Placing order - Duplicate stops" time="0.347"/>
  <testcase classname="API Testing" name="Placing order - invalid" time="0.031"/>
  <testcase classname="API Testing" name="Placing order - Future" time="0.328"/>
  <testcase classname="API Testing" name="Placing order - Past" time="0.032"/>
  <testcase classname="API Testing" name="Take order - Valid" time="0.359"/>
  <testcase classname="API Testing" name="Take already taken order" time="0.406"/>
  <testcase classname="API Testing" name="Test cases for Take Order- Incorrect" time="0.031"/>
  <testcase classname="API Testing" name="Take completed order" time="0.469"/>
  <testcase classname="API Testing" name="Take cancelled after create order" time="0.406"/>
  <testcase classname="API Testing" name="Take cancelled after take order" time="0.297"/>
  <testcase classname="API Testing" name="Complete order - Valid" time="0.469"/>
  <testcase classname="API Testing" name="Complete order - before take" time="0.419"/>
  <testcase classname="API Testing" name="Complete order - after create-&gt; cancel" time="0.916"/>
  <testcase classname="API Testing" name="Complete order - after create-&gt; Take -&gt; cancel" time="0.891"/>
  <testcase classname="API Testing" name="Complete order - already completed one" time="0.437"/>
  <testcase classname="API Testing" name="Complete order - incorrect order" time="0.016"/>
  <testcase classname="API Testing" name="Cancel order after creation" time="0.437"/>
  <testcase classname="API Testing" name="Cancel order after creation -&gt; Take" time="0.366"/>
  <testcase classname="API Testing" name="Cancel order after completion" time="1.09"/>
  <testcase classname="API Testing" name="Cancel already cancelled order" time="0.343">
    <failure message="Expected Result: Status 422  Actual Result : 200" type="java.lang.AssertionError">java.lang.AssertionError: Expected Result: Status 422  Actual Result : 200
	at org.junit.Assert.fail(Assert.java:88)
	at StepDefinition.Steps.cancellation_should_not_be_successful_for_already_cancelled_order(Steps.java:1154)
	at âœ½.cancellation should not be successful for already cancelled order(Features/test.feature:268)
</failure>
  </testcase>
  <testcase classname="API Testing" name="Cancel order - incorrect order" time="0.032"/>
</testsuite>