<?xml version="1.0" encoding="UTF-8" ?>
<testsuite tests="34" failures="1" name="TestRunner.RunTest" time="13.873" errors="0" skipped="0">
  <properties>
[...]
</properties>
  <testcase classname="API Testing" name="Create Order -&gt; Fetch Order -&gt; ASSIGNING" time="2.043"/>
  <testcase classname="API Testing" name="Create Order -&gt;Take Order -&gt;  Fetch Order -&gt; ONGOING" time="0.448"/>
  <testcase classname="API Testing" name="Create Order -&gt;Take Order -&gt;  Complete Order -&gt; Fetch Order -&gt; COMPLETED" time="0.563"/>
  <testcase classname="API Testing" name="Create Order -&gt;Cancel Order -&gt;  Fetch Order -&gt; CANCELLED" time="0.384"/>
  <testcase classname="API Testing" name="Create Order -&gt;Take order -&gt;Cancel Order -&gt;  Fetch Order -&gt; CANCELLED" time="0.593"/>
  <testcase classname="API Testing" name="Create Order -&gt; Fetch Order -&gt; Fetch Order again" time="0.379"/>
  <testcase classname="API Testing" name="Test cases for Fetch Order - Incorrect values" time="0.032"/>
  <testcase classname="API Testing" name="Test cases for Fetch Order - Incorrect values" time="0.015"/>
  <testcase classname="API Testing" name="Placing order - one stop - Invalid" time="0.031"/>
  <testcase classname="API Testing" name="Placing order - two valid stops" time="0.313"/>
  <testcase classname="API Testing" name="Placing order - three valid stops" time="0.325"/>
  <testcase classname="API Testing" name="Placing order - four valid stops" time="0.281"/>
  <testcase classname="API Testing" name="Placing order - five valid stops" time="0.344"/>
  <testcase classname="API Testing" name="Placing order - Duplicate stops" time="0.347"/>
  <testcase classname="API Testing" name="Placing order - invalid" time="0.031"/>
  <testcase classname="API Testing" name="Placing order - Future" time="0.328"/>
  <testcase classname="API Testing" name="Placing order - Past" time="0.032"/>
  <testcase classname="API Testing" name="Take order - Valid" time="0.359"/>
  <testcase classname="API Testing" name="Take already taken order" time="0.406"/>
  <testcase classname="API Testing" name="Test cases for Take Order- Incorrect" time="0.031"/>
  <testcase classname="API Testing" name="Take completed order" time="0.469"/>
  <testcase classname="API Testing" name="Take cancelled after create order" time="0.406"/>
  <testcase classname="API Testing" name="Take cancelled after take order" time="0.297"/>
  <testcase classname="API Testing" name="Complete order - Valid" time="0.469"/>
  <testcase classname="API Testing" name="Complete order - before take" time="0.419"/>
  <testcase classname="API Testing" name="Complete order - after create-&gt; cancel" time="0.916"/>
  <testcase classname="API Testing" name="Complete order - after create-&gt; Take -&gt; cancel" time="0.891"/>
  <testcase classname="API Testing" name="Complete order - already completed one" time="0.437"/>
  <testcase classname="API Testing" name="Complete order - incorrect order" time="0.016"/>
  <testcase classname="API Testing" name="Cancel order after creation" time="0.437"/>
  <testcase classname="API Testing" name="Cancel order after creation -&gt; Take" time="0.366"/>
  <testcase classname="API Testing" name="Cancel order after completion" time="1.09"/>
  <testcase classname="API Testing" name="Cancel already cancelled order" time="0.343">
    <failure message="Expected Result: Status 422  Actual Result : 200" type="java.lang.AssertionError">java.lang.AssertionError: Expected Result: Status 422  Actual Result : 200
	at org.junit.Assert.fail(Assert.java:88)
	at StepDefinition.Steps.cancellation_should_not_be_successful_for_already_cancelled_order(Steps.java:1154)
	at ✽.cancellation should not be successful for already cancelled order(Features/test.feature:268)
</failure>
  </testcase>
  <testcase classname="API Testing" name="Cancel order - incorrect order" time="0.032"/>
</testsuite>